<?xml version="1.0" encoding="UTF-8" ?>
<testsuite tests="9" failures="0" name="za.gov.sars.sms.service.ServiceLayerTestCase" time="4,262.46" errors="0" skipped="0">
  <properties>
[...]
</properties>
  <testcase classname="za.gov.sars.sms.service.ServiceLayerTestCase" name="TestA" time="2.386"/>
  <testcase classname="za.gov.sars.sms.service.ServiceLayerTestCase" name="TestB" time="6.99"/>
  <testcase classname="za.gov.sars.sms.service.ServiceLayerTestCase" name="TestC" time="19.121"/>
  <testcase classname="za.gov.sars.sms.service.ServiceLayerTestCase" name="TestD" time="43.36"/>
  <testcase classname="za.gov.sars.sms.service.ServiceLayerTestCase" name="TestE" time="59.961"/>
  <testcase classname="za.gov.sars.sms.service.ServiceLayerTestCase" name="TestF" time="4,060.987"/>
  <testcase classname="za.gov.sars.sms.service.ServiceLayerTestCase" name="TestG" time="17.265"/>
  <testcase classname="za.gov.sars.sms.service.ServiceLayerTestCase" name="TestH" time="17.115"/>
  <testcase classname="za.gov.sars.sms.service.ServiceLayerTestCase" name="TestI" time="35.275"/>
</testsuite>